Arguments: 
  C:\Program Files\nodejs\node.exe C:\Program Files (x86)\Yarn\bin\yarn.js install

PATH: 
  C:\Program Files\Common Files\Oracle\Java\javapath;C:\Windows\system32;C:\Windows;C:\Windows\System32\Wbem;C:\Windows\System32\WindowsPowerShell\v1.0\;C:\Windows\System32\OpenSSH\;C:\Program Files\PuTTY\;C:\Program Files\dotnet\;C:\Program Files\Azure Data Studio\bin;C:\Program Files (x86)\Microsoft SQL Server\150\DTS\Binn\;C:\Program Files\Microsoft SQL Server\Client SDK\ODBC\170\Tools\Binn\;C:\Program Files (x86)\Microsoft SQL Server\150\Tools\Binn\;C:\Program Files\Microsoft SQL Server\150\Tools\Binn\;C:\Program Files\Microsoft SQL Server\150\DTS\Binn\;C:\Program Files (x86)\dotnet\;C:\Program Files\Git\cmd;C:\Program Files\nodejs\;C:\Program Files\apache-maven-3.8.6-bin\bin;C:\Program Files (x86)\Java\jre1.8.0_351;C:\Program Files (x86)\Yarn\bin\;C:\Users\Hafize\Desktop\apache-maven-3.8.6-bin (1)\apache-maven-3.8.6\bin;C:\Users\Hafize\Desktop\apache-maven-3.8.6\bin;C:\Program Files\Java\jdk-11.0.17\bin;C:\Users\Hafize Güngör\AppData\Local\Programs\Python\Python310\Scripts\;C:\Users\Hafize Güngör\AppData\Local\Programs\Python\Python310\;C:\Users\Hafize Güngör\AppData\Local\Microsoft\WindowsApps;C:\Users\Hafize Güngör\.dotnet\tools;C:\Users\Hafize Güngör\AppData\Local\Programs\Microsoft VS Code\bin;C:\Program Files\Azure Data Studio\bin;C:\Users\Hafize Güngör\AppData\Roaming\npm;C:\Users\Hafize Güngör\AppData\Local\JetBrains\Toolbox\scripts;C:\Users\Hafize Güngör\AppData\Local\Yarn\bin;C:\Users\Hafize\AppData\Local\gitkraken\bin;C:\Users\Hafize\Desktop\Web_Programlama\rockpaperscissors\node_modules\.bin

Yarn version: 
  1.22.19

Node version: 
  16.18.0

Platform: 
  win32 x64

Trace: 
  Error: getaddrinfo ENOTFOUND registry.yarnpkg.com
      at GetAddrInfoReqWrap.onlookup [as oncomplete] (node:dns:109:26)

npm manifest: 
  {
    "name": "rockpaperscissors",
    "version": "0.1.0",
    "private": true,
    "dependencies": {
      "@testing-library/jest-dom": "^5.16.5",
      "@testing-library/react": "^13.4.0",
      "@testing-library/user-event": "^13.5.0",
      "react": "^18.2.0",
      "react-dom": "^18.2.0",
      "react-scripts": "5.0.1",
      "web-vitals": "^2.1.4"
    },
    "scripts": {
      "start": "react-scripts start",
      "build": "react-scripts build",
      "test": "react-scripts test",
      "eject": "react-scripts eject"
    },
    "eslintConfig": {
      "extends": [
        "react-app",
        "react-app/jest"
      ]
    },
    "browserslist": {
      "production": [
        ">0.2%",
        "not dead",
        "not op_mini all"
      ],
      "development": [
        "last 1 chrome version",
        "last 1 firefox version",
        "last 1 safari version"
      ]
    }
  }

yarn manifest: 
  No manifest

Lockfile: 
  No lockfile
